\BOOKMARK [1][-]{section*.1}{Overview of financial markets}{}% 1
\BOOKMARK [1][-]{section*.2}{Functionality of Financial Market}{}% 2
\BOOKMARK [1][-]{section*.3}{Primary and Secondary Market}{}% 3
\BOOKMARK [1][-]{section*.4}{Primary Market study: Eventbrite}{}% 4
\BOOKMARK [1][-]{section*.5}{Secondary Market Study: Eventbrite}{}% 5
\BOOKMARK [1][-]{section*.6}{Motivation for company to go public}{}% 6
\BOOKMARK [1][-]{section*.7}{Types of investors}{}% 7
\BOOKMARK [1][-]{section*.8}{Case Study: Investment Decision}{}% 8
\BOOKMARK [1][-]{section*.9}{Valuation and returns in investment}{}% 9
\BOOKMARK [1][-]{section*.10}{Security types:}{}% 10
\BOOKMARK [1][-]{section*.11}{Case study: Lehman Brothers}{}% 11
\BOOKMARK [1][-]{section*.12}{Bond Market size overview}{}% 12
\BOOKMARK [1][-]{section*.13}{Fixed Income Market in US}{}% 13
\BOOKMARK [1][-]{section*.14}{Detail Calculation: prices and yields}{}% 14
\BOOKMARK [1][-]{section*.15}{Bond Risk}{}% 15
\BOOKMARK [1][-]{section*.16}{redytm : yield to maturity}{}% 16
\BOOKMARK [1][-]{section*.17}{redyield curve}{}% 17
\BOOKMARK [1][-]{section*.18}{redDuration - price sensitivity to yield change}{}% 18
\BOOKMARK [1][-]{section*.19}{redconvexity - The rate of change of duration}{}% 19
\BOOKMARK [1][-]{section*.20}{blackApplication of duration:}{}% 20
\BOOKMARK [1][-]{section*.21}{Equity Valuation}{}% 21
\BOOKMARK [2][-]{section*.22}{Dividend Discount Model \(DDM\)}{section*.21}% 22
\BOOKMARK [2][-]{section*.23}{Valuation multiples}{section*.21}% 23
\BOOKMARK [1][-]{section*.24}{Portfolio Optimization}{}% 24
\BOOKMARK [1][-]{section*.25}{Applying the CAPM}{}% 25
\BOOKMARK [1][-]{section*.26}{CAPM Anomalies}{}% 26
\BOOKMARK [1][-]{section*.27}{Time value of money}{}% 27
\BOOKMARK [1][-]{section*.28}{Interest}{}% 28
\BOOKMARK [1][-]{section*.29}{Annuities and Perpetuities}{}% 29
\BOOKMARK [1][-]{section*.30}{Bonds: a fixed income instrument}{}% 30
\BOOKMARK [1][-]{section*.31}{Forward Rates}{}% 31
\BOOKMARK [1][-]{section*.32}{Futures}{}% 32
\BOOKMARK [1][-]{section*.33}{Options}{}% 33
\BOOKMARK [1][-]{section*.34}{Bonds}{}% 34
\BOOKMARK [1][-]{section*.35}{Forwards / Futures}{}% 35
\BOOKMARK [1][-]{section*.36}{Options}{}% 36
\BOOKMARK [1][-]{section*.37}{Warrents}{}% 37
\BOOKMARK [1][-]{section*.38}{Swap: 2 parties exchange financial instruments}{}% 38
\BOOKMARK [1][-]{section*.39}{Return}{}% 39
\BOOKMARK [1][-]{section*.40}{Volatility Measure}{}% 40
\BOOKMARK [1][-]{section*.41}{VaR: Value-at-Risk}{}% 41
\BOOKMARK [1][-]{section*.42}{Modeling the PnL distribution}{}% 42
\BOOKMARK [1][-]{section*.43}{Idea}{}% 43
\BOOKMARK [1][-]{section*.44}{Quantify}{}% 44
\BOOKMARK [1][-]{section*.45}{Example of using No-Arbitrage pricing: }{}% 45
\BOOKMARK [1][-]{section*.46}{Swaps}{}% 46
\BOOKMARK [1][-]{section*.47}{Futures}{}% 47
\BOOKMARK [1][-]{section*.48}{Options}{}% 48
\BOOKMARK [1][-]{section*.49}{Binomial Tree Pricing}{}% 49
