\BOOKMARK [1][-]{section*.1}{Overview of financial markets}{}% 1
\BOOKMARK [1][-]{section*.2}{Functionality of Financial Market}{}% 2
\BOOKMARK [1][-]{section*.3}{Primary and Secondary Market}{}% 3
\BOOKMARK [1][-]{section*.4}{Primary Market study: Eventbrite}{}% 4
\BOOKMARK [1][-]{section*.5}{Secondary Market Study: Eventbrite}{}% 5
\BOOKMARK [1][-]{section*.6}{Motivation for company to go public}{}% 6
\BOOKMARK [1][-]{section*.7}{Types of investors}{}% 7
\BOOKMARK [1][-]{section*.8}{Case Study: Investment Decision}{}% 8
\BOOKMARK [1][-]{section*.9}{Valuation and returns in investment}{}% 9
\BOOKMARK [1][-]{section*.10}{Security types:}{}% 10
\BOOKMARK [1][-]{section*.11}{Case study: Lehman Brothers}{}% 11
\BOOKMARK [1][-]{section*.12}{Bond Market size overview}{}% 12
\BOOKMARK [1][-]{section*.13}{Fixed Income Market in US}{}% 13
\BOOKMARK [1][-]{section*.14}{Detail Calculation: prices and yields}{}% 14
\BOOKMARK [1][-]{section*.15}{Bond Risk}{}% 15
\BOOKMARK [1][-]{section*.16}{redytm : yield to maturity}{}% 16
\BOOKMARK [1][-]{section*.17}{redyield curve}{}% 17
\BOOKMARK [1][-]{section*.18}{redDuration - price sensitivity to yield change}{}% 18
\BOOKMARK [1][-]{section*.19}{redconvexity - The rate of change of duration}{}% 19
\BOOKMARK [1][-]{section*.20}{blackApplication of duration:}{}% 20
\BOOKMARK [1][-]{section*.21}{blackDefault Risk}{}% 21
\BOOKMARK [1][-]{section*.22}{Equity Valuation}{}% 22
\BOOKMARK [1][-]{section*.23}{Dividend Discount Model \(DDM\)}{}% 23
\BOOKMARK [1][-]{section*.24}{Valuation multiples}{}% 24
\BOOKMARK [1][-]{section*.25}{Portfolio Optimization}{}% 25
\BOOKMARK [1][-]{section*.26}{Applying the CAPM \046 CAPM Anomalies}{}% 26
\BOOKMARK [1][-]{section*.27}{Performance Evaluation - Multi Factor Model}{}% 27
\BOOKMARK [1][-]{section*.28}{Performance evaluation: skill vs luck}{}% 28
\BOOKMARK [1][-]{section*.29}{Limits to Arbitrage}{}% 29
\BOOKMARK [1][-]{section*.30}{Mispricing of Stocks}{}% 30
\BOOKMARK [1][-]{section*.31}{Fundamental Risk}{}% 31
\BOOKMARK [1][-]{section*.32}{Options and Leverage - Aribitrage \046 Risk Neutral Pricing}{}% 32
\BOOKMARK [1][-]{section*.33}{Relationship between parameters and option prices}{}% 33
\BOOKMARK [1][-]{section*.34}{Challenge - How to model the parameters in pricing option}{}% 34
\BOOKMARK [1][-]{section*.35}{From Binomial to Black Scholes}{}% 35
\BOOKMARK [1][-]{section*.36}{Put-Call Parity}{}% 36
\BOOKMARK [1][-]{section*.37}{Option Strategies}{}% 37
\BOOKMARK [1][-]{section*.38}{It is all about redVolatility}{}% 38
\BOOKMARK [1][-]{section*.39}{Black-Schole's Formulation}{}% 39
\BOOKMARK [1][-]{section*.40}{Implied Volatility Property}{}% 40
\BOOKMARK [1][-]{section*.41}{dynamic option strategies}{}% 41
\BOOKMARK [1][-]{section*.42}{Time value of money}{}% 42
\BOOKMARK [1][-]{section*.43}{Interest}{}% 43
\BOOKMARK [1][-]{section*.44}{Annuities and Perpetuities}{}% 44
\BOOKMARK [1][-]{section*.45}{Bonds: a fixed income instrument}{}% 45
\BOOKMARK [1][-]{section*.46}{Forward Rates}{}% 46
\BOOKMARK [1][-]{section*.47}{Futures}{}% 47
\BOOKMARK [1][-]{section*.48}{Options}{}% 48
\BOOKMARK [1][-]{section*.49}{Bonds}{}% 49
\BOOKMARK [1][-]{section*.50}{Forwards / Futures}{}% 50
\BOOKMARK [1][-]{section*.51}{Options}{}% 51
\BOOKMARK [1][-]{section*.52}{Warrents}{}% 52
\BOOKMARK [1][-]{section*.53}{Swap: 2 parties exchange financial instruments}{}% 53
\BOOKMARK [1][-]{section*.54}{Return}{}% 54
\BOOKMARK [1][-]{section*.55}{Volatility Measure}{}% 55
\BOOKMARK [1][-]{section*.56}{VaR: Value-at-Risk}{}% 56
\BOOKMARK [1][-]{section*.57}{Modeling the PnL distribution}{}% 57
\BOOKMARK [1][-]{section*.58}{Idea}{}% 58
\BOOKMARK [1][-]{section*.59}{Quantify}{}% 59
\BOOKMARK [1][-]{section*.60}{Example of using No-Arbitrage pricing: }{}% 60
\BOOKMARK [1][-]{section*.61}{Swaps}{}% 61
\BOOKMARK [1][-]{section*.62}{Futures}{}% 62
\BOOKMARK [1][-]{section*.63}{Options}{}% 63
\BOOKMARK [1][-]{section*.64}{Binomial Tree Pricing}{}% 64
